*** Starting uWSGI 2.0.18 (64bit) on [Fri Jan 10 16:13:50 2020] ***
compiled with version: 4.2.1 Compatible Apple LLVM 11.0.0 (clang-1100.0.33.16) on 07 January 2020 02:26:49
os: Darwin-19.2.0 Darwin Kernel Version 19.2.0: Sat Nov  9 03:47:04 PST 2019; root:xnu-6153.61.1~20/RELEASE_X86_64
nodename: lxfdeMacBook-Pro.local
machine: x86_64
clock source: unix
pcre jit disabled
detected number of CPU cores: 8
current working directory: /Users/lxf/Documents/github/webproject1/project1
writing pidfile to uwsgi2.pid
detected binary path: /Users/lxf/.virtualenvs/macp3/bin/uwsgi
chdir() to /Users/lxf/Documents/github/webproject1/project1
your processes number limit is 1392
your memory page size is 4096 bytes
detected max file descriptor number: 10240
lock engine: OSX spinlocks
thunder lock: disabled (you can enable it with --thunder-lock)
uwsgi socket 0 bound to TCP address 127.0.0.1:8081 fd 3
Python version: 3.6.8 (v3.6.8:3c6b436a57, Dec 24 2018, 02:10:22)  [GCC 4.2.1 (Apple Inc. build 5666) (dot 3)]
Set PythonHome to /Users/lxf/.virtualenvs/macp3
Python main interpreter initialized at 0x7fcf30805200
python threads support enabled
your server socket listen backlog is limited to 100 connections
your mercy for graceful operations on workers is 60 seconds
mapped 416560 bytes (406 KB) for 8 cores
*** Operational MODE: preforking+threaded ***
WSGI app 0 (mountpoint='') ready in 0 seconds on interpreter 0x7fcf30805200 pid: 75822 (default app)
*** uWSGI is running in multiple interpreter mode ***
spawned uWSGI master process (pid: 75822)
spawned uWSGI worker 1 (pid: 75825, cores: 2)
spawned uWSGI worker 2 (pid: 75826, cores: 2)
spawned uWSGI worker 3 (pid: 75827, cores: 2)
spawned uWSGI worker 4 (pid: 75828, cores: 2)
invalid request block size: 21573 (max 4096)...skip
invalid request block size: 21573 (max 4096)...skip
invalid request block size: 21573 (max 4096)...skip
invalid request block size: 21573 (max 4096)...skip
invalid request block size: 21573 (max 4096)...skip
invalid request block size: 21573 (max 4096)...skip
invalid request block size: 21573 (max 4096)...skip
invalid request block size: 21573 (max 4096)...skip
invalid request block size: 21573 (max 4096)...skip
[]
[pid: 75827|app: 0|req: 1/1] 127.0.0.1 () {50 vars in 988 bytes} [Fri Jan 10 16:26:52 2020] GET /goods/1 => generated 9295 bytes in 497 msecs (HTTP/1.1 200) 4 headers in 224 bytes (1 switches on core 0)
[]
[pid: 75828|app: 0|req: 1/2] 127.0.0.1 () {50 vars in 993 bytes} [Fri Jan 10 16:27:45 2020] GET /goods/14 => generated 9286 bytes in 645 msecs (HTTP/1.1 200) 4 headers in 224 bytes (1 switches on core 0)
[pid: 75828|app: 0|req: 2/3] 127.0.0.1 () {50 vars in 970 bytes} [Fri Jan 10 16:29:20 2020] GET /index => generated 10255 bytes in 72 msecs (HTTP/1.1 200) 3 headers in 102 bytes (1 switches on core 1)
[pid: 75828|app: 0|req: 3/4] 45.56.78.64 () {38 vars in 648 bytes} [Fri Jan 10 17:36:00 2020] GET /Word.dotm => generated 83 bytes in 17 msecs (HTTP/1.1 404) 2 headers in 80 bytes (1 switches on core 0)
[pid: 75828|app: 0|req: 4/5] 127.0.0.1 () {40 vars in 971 bytes} [Fri Jan 10 18:20:20 2020] GET /PV?peerid=0&uri=http://thunderqtypv.union.xunlei.com&src=www.dytt8.net => generated 76 bytes in 51 msecs (HTTP/1.1 404) 2 headers in 80 bytes (1 switches on core 1)
